# JRE version: Java(TM) SE Runtime Environment (8.0_191-b12) (build 1.8.0_191-b12)
# Java VM: Java HotSpot(TM) Client VM (25.191-b12 mixed mode windows-x86 )
Heap:
 def new generation   total 157248K, used 157247K [0x10200000, 0x1aca0000, 0x1aca0000)
  eden space 139776K,  99% used [0x10200000, 0x18a7fff8, 0x18a80000)
  from space 17472K,  99% used [0x18a80000, 0x19b8fd78, 0x19b90000)
  to   space 17472K,   0% used [0x19b90000, 0x19b90000, 0x1aca0000)
 tenured generation   total 349568K, used 349568K [0x1aca0000, 0x30200000, 0x30200000)
   the space 349568K, 100% used [0x1aca0000, 0x30200000, 0x30200000, 0x30200000)
 Metaspace       used 21996K, capacity 22656K, committed 23040K, reserved 23936K
GC Heap History (10 events):
Event: 238350.117 GC heap before
{Heap before GC invocations=131 (full 33):
 def new generation   total 157248K, used 157247K [0x10200000, 0x1aca0000, 0x1aca0000)
  eden space 139776K,  99% used [0x10200000, 0x18a7fff8, 0x18a80000)
  from space 17472K,  99% used [0x18a80000, 0x19b8ffd0, 0x19b90000)
  to   space 17472K,   0% used [0x19b90000, 0x19b90000, 0x1aca0000)
 tenured generation   total 349568K, used 349568K [0x1aca0000, 0x30200000, 0x30200000)
   the space 349568K, 100% used [0x1aca0000, 0x30200000, 0x30200000, 0x30200000)
 Metaspace       used 21996K, capacity 22656K, committed 23040K, reserved 23936K
Event: 238350.495 GC heap after
Heap after GC invocations=132 (full 34):
 def new generation   total 157248K, used 157231K [0x10200000, 0x1aca0000, 0x1aca0000)
  eden space 139776K,  99% used [0x10200000, 0x18a7fff8, 0x18a80000)
  from space 17472K,  99% used [0x18a80000, 0x19b8be60, 0x19b90000)
  to   space 17472K,   0% used [0x19b90000, 0x19b90000, 0x1aca0000)
 tenured generation   total 349568K, used 349568K [0x1aca0000, 0x30200000, 0x30200000)
   the space 349568K, 100% used [0x1aca0000, 0x30200000, 0x30200000, 0x30200000)
 Metaspace       used 21996K, capacity 22656K, committed 23040K, reserved 23936K
}
Event: 238350.495 GC heap before
{Heap before GC invocations=132 (full 34):
 def new generation   total 157248K, used 157246K [0x10200000, 0x1aca0000, 0x1aca0000)
  eden space 139776K,  99% used [0x10200000, 0x18a7fff8, 0x18a80000)
  from space 17472K,  99% used [0x18a80000, 0x19b8fb98, 0x19b90000)
  to   space 17472K,   0% used [0x19b90000, 0x19b90000, 0x1aca0000)
 tenured generation   total 349568K, used 349568K [0x1aca0000, 0x30200000, 0x30200000)
   the space 349568K, 100% used [0x1aca0000, 0x30200000, 0x30200000, 0x30200000)
 Metaspace       used 21996K, capacity 22656K, committed 23040K, reserved 23936K
Event: 238350.878 GC heap after
Heap after GC invocations=133 (full 35):
 def new generation   total 157248K, used 157236K [0x10200000, 0x1aca0000, 0x1aca0000)
  eden space 139776K,  99% used [0x10200000, 0x18a7fff8, 0x18a80000)
  from space 17472K,  99% used [0x18a80000, 0x19b8d340, 0x19b90000)
  to   space 17472K,   0% used [0x19b90000, 0x19b90000, 0x1aca0000)
 tenured generation   total 349568K, used 349568K [0x1aca0000, 0x30200000, 0x30200000)
   the space 349568K, 100% used [0x1aca0000, 0x30200000, 0x30200000, 0x30200000)
 Metaspace       used 21996K, capacity 22656K, committed 23040K, reserved 23936K
}
Event: 238350.878 GC heap before
{Heap before GC invocations=133 (full 35):
 def new generation   total 157248K, used 157246K [0x10200000, 0x1aca0000, 0x1aca0000)
  eden space 139776K,  99% used [0x10200000, 0x18a7fff8, 0x18a80000)
  from space 17472K,  99% used [0x18a80000, 0x19b8fb58, 0x19b90000)
  to   space 17472K,   0% used [0x19b90000, 0x19b90000, 0x1aca0000)
 tenured generation   total 349568K, used 349568K [0x1aca0000, 0x30200000, 0x30200000)
   the space 349568K, 100% used [0x1aca0000, 0x30200000, 0x30200000, 0x30200000)
 Metaspace       used 21996K, capacity 22656K, committed 23040K, reserved 23936K
Event: 238351.255 GC heap after
Heap after GC invocations=134 (full 36):
 def new generation   total 157248K, used 157246K [0x10200000, 0x1aca0000, 0x1aca0000)
  eden space 139776K,  99% used [0x10200000, 0x18a7fff8, 0x18a80000)
  from space 17472K,  99% used [0x18a80000, 0x19b8f9b8, 0x19b90000)
  to   space 17472K,   0% used [0x19b90000, 0x19b90000, 0x1aca0000)
 tenured generation   total 349568K, used 349568K [0x1aca0000, 0x30200000, 0x30200000)
   the space 349568K, 100% used [0x1aca0000, 0x30200000, 0x30200000, 0x30200000)
 Metaspace       used 21996K, capacity 22656K, committed 23040K, reserved 23936K
}
Event: 238351.255 GC heap before
{Heap before GC invocations=134 (full 36):
 def new generation   total 157248K, used 157246K [0x10200000, 0x1aca0000, 0x1aca0000)
  eden space 139776K,  99% used [0x10200000, 0x18a7fff8, 0x18a80000)
  from space 17472K,  99% used [0x18a80000, 0x19b8f9b8, 0x19b90000)
  to   space 17472K,   0% used [0x19b90000, 0x19b90000, 0x1aca0000)
 tenured generation   total 349568K, used 349568K [0x1aca0000, 0x30200000, 0x30200000)
   the space 349568K, 100% used [0x1aca0000, 0x30200000, 0x30200000, 0x30200000)
 Metaspace       used 21996K, capacity 22656K, committed 23040K, reserved 23936K
Event: 238351.640 GC heap after
Heap after GC invocations=135 (full 37):
 def new generation   total 157248K, used 157246K [0x10200000, 0x1aca0000, 0x1aca0000)
  eden space 139776K,  99% used [0x10200000, 0x18a7fff8, 0x18a80000)
  from space 17472K,  99% used [0x18a80000, 0x19b8f9b8, 0x19b90000)
  to   space 17472K,   0% used [0x19b90000, 0x19b90000, 0x1aca0000)
 tenured generation   total 349568K, used 349568K [0x1aca0000, 0x30200000, 0x30200000)
   the space 349568K, 100% used [0x1aca0000, 0x30200000, 0x30200000, 0x30200000)
 Metaspace       used 21996K, capacity 22656K, committed 23040K, reserved 23936K
}
Event: 238351.640 GC heap before
{Heap before GC invocations=135 (full 37):
 def new generation   total 157248K, used 157247K [0x10200000, 0x1aca0000, 0x1aca0000)
  eden space 139776K,  99% used [0x10200000, 0x18a7fff8, 0x18a80000)
  from space 17472K,  99% used [0x18a80000, 0x19b8fff0, 0x19b90000)
  to   space 17472K,   0% used [0x19b90000, 0x19b90000, 0x1aca0000)
 tenured generation   total 349568K, used 349568K [0x1aca0000, 0x30200000, 0x30200000)
   the space 349568K, 100% used [0x1aca0000, 0x30200000, 0x30200000, 0x30200000)
 Metaspace       used 21996K, capacity 22656K, committed 23040K, reserved 23936K
Event: 238352.013 GC heap after
Heap after GC invocations=136 (full 38):
 def new generation   total 157248K, used 157247K [0x10200000, 0x1aca0000, 0x1aca0000)
  eden space 139776K,  99% used [0x10200000, 0x18a7fff8, 0x18a80000)
  from space 17472K,  99% used [0x18a80000, 0x19b8fcd8, 0x19b90000)
  to   space 17472K,   0% used [0x19b90000, 0x19b90000, 0x1aca0000)
 tenured generation   total 349568K, used 349568K [0x1aca0000, 0x30200000, 0x30200000)
   the space 349568K, 100% used [0x1aca0000, 0x30200000, 0x30200000, 0x30200000)
 Metaspace       used 21996K, capacity 22656K, committed 23040K, reserved 23936K
}

